<?xml version="1.0" encoding="UTF-8"?>
<testsuite name="studentAPI.Basic.Student.API.Project.BasicStudentApiProjectApplicationTests" tests="1" skipped="0" failures="0" errors="0" timestamp="2024-02-26T14:44:59" hostname="rahul-Inspiron-15-5518" time="0.972">
  <properties/>
  <testcase name="contextLoads()" classname="studentAPI.Basic.Student.API.Project.BasicStudentApiProjectApplicationTests" time="0.972"/>
  <system-out><![CDATA[20:14:58.523 [Test worker] INFO org.springframework.test.context.support.AnnotationConfigContextLoaderUtils -- Could not detect default configuration classes for test class [studentAPI.Basic.Student.API.Project.BasicStudentApiProjectApplicationTests]: BasicStudentApiProjectApplicationTests does not declare any static, non-private, non-final, nested classes annotated with @Configuration.
20:14:58.877 [Test worker] INFO org.springframework.boot.test.context.SpringBootTestContextBootstrapper -- Found @SpringBootConfiguration studentAPI.Basic.Student.API.Project.BasicStudentApiProjectApplication for test class studentAPI.Basic.Student.API.Project.BasicStudentApiProjectApplicationTests

  .   ____          _            __ _ _
 /\\ / ___'_ __ _ _(_)_ __  __ _ \ \ \ \
( ( )\___ | '_ | '_| | '_ \/ _` | \ \ \ \
 \\/  ___)| |_)| | | | | || (_| |  ) ) ) )
  '  |____| .__|_| |_|_| |_\__, | / / / /
 =========|_|==============|___/=/_/_/_/
 :: Spring Boot ::                (v3.2.3)

2024-02-26T20:14:59.202+05:30  INFO 21240 --- [    Test worker] P.BasicStudentApiProjectApplicationTests : Starting BasicStudentApiProjectApplicationTests using Java 19.0.2 with PID 21240 (started by rahul in /home/rahul/Documents/study/UCA/Basic Student API Project/Basic-Student-API-Project)
2024-02-26T20:14:59.203+05:30  INFO 21240 --- [    Test worker] P.BasicStudentApiProjectApplicationTests : No active profile set, falling back to 1 default profile: "default"
2024-02-26T20:14:59.651+05:30  INFO 21240 --- [    Test worker] P.BasicStudentApiProjectApplicationTests : Started BasicStudentApiProjectApplicationTests in 0.656 seconds (process running for 2.906)
]]></system-out>
  <system-err><![CDATA[]]></system-err>
</testsuite>
